<?xml version="1.0" encoding="UTF-8"?>
<robot generator="Robot 7.4.2 (Python 3.14.3 on win32)" generated="2026-08-25T10:44:56.843163" rpa="false" schemaversion="5">
<suite id="s1" name="LoginTests" source="C:\Users\User-388-PC\Downloads\OneDrive_2026-01-30\Testing materials\automation_with_robotframework\Test Cases\LoginTests.robot">
<kw name="Open Browser To OrangeHRM" owner="CommonKeywords" type="SETUP">
<kw name="Open Browser" owner="SeleniumLibrary">
<msg time="2026-08-25T10:44:57.514605" level="INFO">Opening browser 'Chrome' to base url 'https://opensource-demo.orangehrmlive.com/web/index.php/auth/login'.</msg>
<arg>${url}</arg>
<arg>${browser}</arg>
<doc>Opens a new browser instance to the optional ``url``.</doc>
<status status="PASS" start="2026-08-25T10:44:57.514265" elapsed="7.640013"/>
</kw>
<kw name="Maximize Browser Window" owner="SeleniumLibrary">
<doc>Maximizes current browser window.</doc>
<status status="PASS" start="2026-08-25T10:45:05.154613" elapsed="0.023673"/>
</kw>
<kw name="Set Selenium Timeout" owner="SeleniumLibrary">
<arg>${TIMEOUT}</arg>
<doc>Sets the timeout that is used by various keywords.</doc>
<status status="PASS" start="2026-08-25T10:45:05.178472" elapsed="0.001219"/>
</kw>
<kw name="Set Selenium Speed" owner="SeleniumLibrary">
<arg>${ACTION_DELAY}</arg>
<doc>Sets the delay that is waited after each Selenium command.</doc>
<status status="PASS" start="2026-08-25T10:45:05.179853" elapsed="0.000277"/>
</kw>
<status status="PASS" start="2026-08-25T10:44:57.513162" elapsed="7.667060"/>
</kw>
<test id="s1-t1" name="TC_ORANGEHRM_001 - Login With Valid Username And Valid Password" line="18">
<kw name="Go To" owner="SeleniumLibrary" type="SETUP">
<msg time="2026-08-25T10:45:05.181155" level="INFO">Opening url 'https://opensource-demo.orangehrmlive.com/web/index.php/auth/login'</msg>
<arg>${URL}</arg>
<doc>Navigates the current browser window to the provided ``url``.</doc>
<status status="PASS" start="2026-08-25T10:45:05.180961" elapsed="1.603287"/>
</kw>
<kw name="Login With Credentials" owner="LoginKeywords">
<kw name="Enter Username" owner="LoginKeywords">
<kw name="Wait Until Element Is Visible" owner="SeleniumLibrary">
<arg>xpath=//*[@id="app"]/div[1]/div/div[1]/div/div[2]/div[2]/form/div[1]/div/div[2]/input</arg>
<doc>Waits until the element ``locator`` is visible.</doc>
<status status="PASS" start="2026-08-25T10:45:06.787618" elapsed="2.039855"/>
</kw>
<kw name="Input Text" owner="SeleniumLibrary">
<msg time="2026-08-25T10:45:08.829657" level="INFO">Typing text 'Admin' into text field 'xpath=//*[@id="app"]/div[1]/div/div[1]/div/div[2]/div[2]/form/div[1]/div/div[2]/input'.</msg>
<arg>xpath=//*[@id="app"]/div[1]/div/div[1]/div/div[2]/div[2]/form/div[1]/div/div[2]/input</arg>
<arg>${username}</arg>
<doc>Types the given ``text`` into the text field identified by ``locator``.</doc>
<status status="PASS" start="2026-08-25T10:45:08.828486" elapsed="3.166521"/>
</kw>
<arg>${username}</arg>
<status status="PASS" start="2026-08-25T10:45:06.786541" elapsed="5.208839"/>
</kw>
<kw name="Enter Password" owner="LoginKeywords">
<kw name="Wait Until Element Is Visible" owner="SeleniumLibrary">
<arg>xpath=//*[@id="app"]/div[1]/div/div[1]/div/div[2]/div[2]/form/div[2]/div/div[2]/input</arg>
<doc>Waits until the element ``locator`` is visible.</doc>
<status status="PASS" start="2026-08-25T10:45:11.996746" elapsed="2.022685"/>
</kw>
<kw name="Input Text" owner="SeleniumLibrary">
<msg time="2026-08-25T10:45:14.020032" level="INFO">Typing text 'admin123' into text field 'xpath=//*[@id="app"]/div[1]/div/div[1]/div/div[2]/div[2]/form/div[2]/div/div[2]/input'.</msg>
<arg>xpath=//*[@id="app"]/div[1]/div/div[1]/div/div[2]/div[2]/form/div[2]/div/div[2]/input</arg>
<arg>${password}</arg>
<doc>Types the given ``text`` into the text field identified by ``locator``.</doc>
<status status="PASS" start="2026-08-25T10:45:14.019671" elapsed="3.081463"/>
</kw>
<arg>${password}</arg>
<status status="PASS" start="2026-08-25T10:45:11.995863" elapsed="5.105402"/>
</kw>
<kw name="Click Login Button" owner="LoginKeywords">
<kw name="Wait Until Element Is Visible" owner="SeleniumLibrary">
<arg>xpath=//*[@id="app"]/div[1]/div/div[1]/div/div[2]/div[2]/form/div[3]/button</arg>
<doc>Waits until the element ``locator`` is visible.</doc>
<status status="PASS" start="2026-08-25T10:45:17.101920" elapsed="2.016304"/>
</kw>
<kw name="Click Button" owner="SeleniumLibrary">
<msg time="2026-08-25T10:45:19.119054" level="INFO">Clicking button 'xpath=//*[@id="app"]/div[1]/div/div[1]/div/div[2]/div[2]/form/div[3]/button'.</msg>
<arg>xpath=//*[@id="app"]/div[1]/div/div[1]/div/div[2]/div[2]/form/div[3]/button</arg>
<doc>Clicks the button identified by ``locator``.</doc>
<status status="PASS" start="2026-08-25T10:45:19.118630" elapsed="5.124312"/>
</kw>
<status status="PASS" start="2026-08-25T10:45:17.101476" elapsed="7.141886"/>
</kw>
<arg>${VALID_USERNAME}</arg>
<arg>${VALID_PASSWORD}</arg>
<status status="PASS" start="2026-08-25T10:45:06.785213" elapsed="17.458439"/>
</kw>
<kw name="Verify Dashboard" owner="LoginKeywords">
<kw name="Wait Until Element Is Visible" owner="SeleniumLibrary">
<arg>xpath=//*[@id="app"]/div[1]/div[1]/header/div[1]/div[1]</arg>
<arg>${TIMEOUT}</arg>
<doc>Waits until the element ``locator`` is visible.</doc>
<status status="PASS" start="2026-08-25T10:45:24.245788" elapsed="3.461412"/>
</kw>
<status status="PASS" start="2026-08-25T10:45:24.244717" elapsed="3.463001"/>
</kw>
<kw name="Logout From OrangeHRM" owner="LoginKeywords">
<kw name="Click Element" owner="SeleniumLibrary">
<msg time="2026-08-25T10:45:27.711063" level="INFO">Clicking element 'xpath=//*[@id="app"]/div[1]/div[1]/header/div[1]/div[3]/ul/li/span/i'.</msg>
<arg>xpath=//*[@id="app"]/div[1]/div[1]/header/div[1]/div[3]/ul/li/span/i</arg>
<doc>Click the element identified by ``locator``.</doc>
<status status="PASS" start="2026-08-25T10:45:27.710319" elapsed="2.121418"/>
</kw>
<kw name="Wait Until Element Is Visible" owner="SeleniumLibrary">
<arg>xpath=//*[@id="app"]/div[1]/div[1]/header/div[1]/div[3]/ul/li/ul/li[4]/a</arg>
<doc>Waits until the element ``locator`` is visible.</doc>
<status status="PASS" start="2026-08-25T10:45:29.832080" elapsed="2.017904"/>
</kw>
<kw name="Click Element" owner="SeleniumLibrary">
<msg time="2026-08-25T10:45:31.850735" level="INFO">Clicking element 'xpath=//*[@id="app"]/div[1]/div[1]/header/div[1]/div[3]/ul/li/ul/li[4]/a'.</msg>
<arg>xpath=//*[@id="app"]/div[1]/div[1]/header/div[1]/div[3]/ul/li/ul/li[4]/a</arg>
<doc>Click the element identified by ``locator``.</doc>
<status status="PASS" start="2026-08-25T10:45:31.850339" elapsed="2.977674"/>
</kw>
<kw name="Verify Login Page Is Displayed" owner="LoginKeywords">
<kw name="Wait Until Element Is Visible" owner="SeleniumLibrary">
<arg>name=username</arg>
<arg>${TIMEOUT}</arg>
<doc>Waits until the element ``locator`` is visible.</doc>
<status status="PASS" start="2026-08-25T10:45:34.831676" elapsed="2.060246"/>
</kw>
<status status="PASS" start="2026-08-25T10:45:34.829270" elapsed="2.062921"/>
</kw>
<status status="PASS" start="2026-08-25T10:45:27.709048" elapsed="9.183287"/>
</kw>
<kw name="Capture Screenshot on Failure" owner="CommonKeywords" type="TEARDOWN">
<kw name="Run Keyword If Test Failed" owner="BuiltIn">
<arg>Capture Page Screenshot</arg>
<doc>Runs the given keyword with the given arguments, if the test failed.</doc>
<status status="PASS" start="2026-08-25T10:45:36.893419" elapsed="0.000536"/>
</kw>
<status status="PASS" start="2026-08-25T10:45:36.893001" elapsed="0.001085"/>
</kw>
<doc>Verify that a registered user can log in successfully.</doc>
<tag>Positive</tag>
<tag>Regression</tag>
<tag>Smoke</tag>
<status status="PASS" start="2026-08-25T10:45:05.180308" elapsed="31.713994"/>
</test>
<test id="s1-t2" name="TC_ORANGEHRM_002 - Login With Invalid Username And Valid Password" line="30">
<kw name="Go To" owner="SeleniumLibrary" type="SETUP">
<msg time="2026-08-25T10:45:36.896240" level="INFO">Opening url 'https://opensource-demo.orangehrmlive.com/web/index.php/auth/login'</msg>
<arg>${URL}</arg>
<doc>Navigates the current browser window to the provided ``url``.</doc>
<status status="PASS" start="2026-08-25T10:45:36.895933" elapsed="1.499291"/>
</kw>
<kw name="Login With Credentials" owner="LoginKeywords">
<kw name="Enter Username" owner="LoginKeywords">
<kw name="Wait Until Element Is Visible" owner="SeleniumLibrary">
<arg>xpath=//*[@id="app"]/div[1]/div/div[1]/div/div[2]/div[2]/form/div[1]/div/div[2]/input</arg>
<doc>Waits until the element ``locator`` is visible.</doc>
<status status="PASS" start="2026-08-25T10:45:38.400828" elapsed="2.054652"/>
</kw>
<kw name="Input Text" owner="SeleniumLibrary">
<msg time="2026-08-25T10:45:40.457057" level="INFO">Typing text 'Debraj' into text field 'xpath=//*[@id="app"]/div[1]/div/div[1]/div/div[2]/div[2]/form/div[1]/div/div[2]/input'.</msg>
<arg>xpath=//*[@id="app"]/div[1]/div/div[1]/div/div[2]/div[2]/form/div[1]/div/div[2]/input</arg>
<arg>${username}</arg>
<doc>Types the given ``text`` into the text field identified by ``locator``.</doc>
<status status="PASS" start="2026-08-25T10:45:40.456167" elapsed="3.117070"/>
</kw>
<arg>${username}</arg>
<status status="PASS" start="2026-08-25T10:45:38.399622" elapsed="5.174037"/>
</kw>
<kw name="Enter Password" owner="LoginKeywords">
<kw name="Wait Until Element Is Visible" owner="SeleniumLibrary">
<arg>xpath=//*[@id="app"]/div[1]/div/div[1]/div/div[2]/div[2]/form/div[2]/div/div[2]/input</arg>
<doc>Waits until the element ``locator`` is visible.</doc>
<status status="PASS" start="2026-08-25T10:45:43.575576" elapsed="2.047749"/>
</kw>
<kw name="Input Text" owner="SeleniumLibrary">
<msg time="2026-08-25T10:45:45.625224" level="INFO">Typing text 'admin123' into text field 'xpath=//*[@id="app"]/div[1]/div/div[1]/div/div[2]/div[2]/form/div[2]/div/div[2]/input'.</msg>
<arg>xpath=//*[@id="app"]/div[1]/div/div[1]/div/div[2]/div[2]/form/div[2]/div/div[2]/input</arg>
<arg>${password}</arg>
<doc>Types the given ``text`` into the text field identified by ``locator``.</doc>
<status status="PASS" start="2026-08-25T10:45:45.624053" elapsed="3.140238"/>
</kw>
<arg>${password}</arg>
<status status="PASS" start="2026-08-25T10:45:43.574323" elapsed="5.190194"/>
</kw>
<kw name="Click Login Button" owner="LoginKeywords">
<kw name="Wait Until Element Is Visible" owner="SeleniumLibrary">
<arg>xpath=//*[@id="app"]/div[1]/div/div[1]/div/div[2]/div[2]/form/div[3]/button</arg>
<doc>Waits until the element ``locator`` is visible.</doc>
<status status="PASS" start="2026-08-25T10:45:48.765129" elapsed="2.030580"/>
</kw>
<kw name="Click Button" owner="SeleniumLibrary">
<msg time="2026-08-25T10:45:50.797103" level="INFO">Clicking button 'xpath=//*[@id="app"]/div[1]/div/div[1]/div/div[2]/div[2]/form/div[3]/button'.</msg>
<arg>xpath=//*[@id="app"]/div[1]/div/div[1]/div/div[2]/div[2]/form/div[3]/button</arg>
<doc>Clicks the button identified by ``locator``.</doc>
<status status="PASS" start="2026-08-25T10:45:50.796376" elapsed="5.172728"/>
</kw>
<status status="PASS" start="2026-08-25T10:45:48.764770" elapsed="7.204666"/>
</kw>
<arg>${INVALID_USERNAME}</arg>
<arg>${VALID_PASSWORD}</arg>
<status status="PASS" start="2026-08-25T10:45:38.397382" elapsed="17.572330"/>
</kw>
<kw name="Verify Invalid Credentials Message" owner="LoginKeywords">
<kw name="Wait Until Element Is Visible" owner="SeleniumLibrary">
<arg>xpath=//*[@id="app"]/div[1]/div/div[1]/div/div[2]/div[2]/div/div[1]/div[1]</arg>
<arg>${TIMEOUT}</arg>
<doc>Waits until the element ``locator`` is visible.</doc>
<status status="PASS" start="2026-08-25T10:45:55.971486" elapsed="3.270629"/>
</kw>
<status status="PASS" start="2026-08-25T10:45:55.970690" elapsed="3.271902"/>
</kw>
<kw name="Capture Screenshot on Failure" owner="CommonKeywords" type="TEARDOWN">
<kw name="Run Keyword If Test Failed" owner="BuiltIn">
<arg>Capture Page Screenshot</arg>
<doc>Runs the given keyword with the given arguments, if the test failed.</doc>
<status status="PASS" start="2026-08-25T10:45:59.245610" elapsed="0.001196"/>
</kw>
<status status="PASS" start="2026-08-25T10:45:59.244250" elapsed="0.002865"/>
</kw>
<doc>Verify login is rejected for an unregistered username.</doc>
<tag>Negative</tag>
<tag>Regression</tag>
<status status="PASS" start="2026-08-25T10:45:36.895083" elapsed="22.352700"/>
</test>
<test id="s1-t3" name="TC_ORANGEHRM_003 - Login With Valid Username And Invalid Password" line="40">
<kw name="Go To" owner="SeleniumLibrary" type="SETUP">
<msg time="2026-08-25T10:45:59.253510" level="INFO">Opening url 'https://opensource-demo.orangehrmlive.com/web/index.php/auth/login'</msg>
<arg>${URL}</arg>
<doc>Navigates the current browser window to the provided ``url``.</doc>
<status status="PASS" start="2026-08-25T10:45:59.252834" elapsed="1.508885"/>
</kw>
<kw name="Login With Credentials" owner="LoginKeywords">
<kw name="Enter Username" owner="LoginKeywords">
<kw name="Wait Until Element Is Visible" owner="SeleniumLibrary">
<arg>xpath=//*[@id="app"]/div[1]/div/div[1]/div/div[2]/div[2]/form/div[1]/div/div[2]/input</arg>
<doc>Waits until the element ``locator`` is visible.</doc>
<status status="PASS" start="2026-08-25T10:46:00.763335" elapsed="2.022180"/>
</kw>
<kw name="Input Text" owner="SeleniumLibrary">
<msg time="2026-08-25T10:46:02.787281" level="INFO">Typing text 'Admin' into text field 'xpath=//*[@id="app"]/div[1]/div/div[1]/div/div[2]/div[2]/form/div[1]/div/div[2]/input'.</msg>
<arg>xpath=//*[@id="app"]/div[1]/div/div[1]/div/div[2]/div[2]/form/div[1]/div/div[2]/input</arg>
<arg>${username}</arg>
<doc>Types the given ``text`` into the text field identified by ``locator``.</doc>
<status status="PASS" start="2026-08-25T10:46:02.786263" elapsed="3.069608"/>
</kw>
<arg>${username}</arg>
<status status="PASS" start="2026-08-25T10:46:00.763011" elapsed="5.093079"/>
</kw>
<kw name="Enter Password" owner="LoginKeywords">
<kw name="Wait Until Element Is Visible" owner="SeleniumLibrary">
<arg>xpath=//*[@id="app"]/div[1]/div/div[1]/div/div[2]/div[2]/form/div[2]/div/div[2]/input</arg>
<doc>Waits until the element ``locator`` is visible.</doc>
<status status="PASS" start="2026-08-25T10:46:05.856738" elapsed="2.016136"/>
</kw>
<kw name="Input Text" owner="SeleniumLibrary">
<msg time="2026-08-25T10:46:07.873675" level="INFO">Typing text 'admin1234' into text field 'xpath=//*[@id="app"]/div[1]/div/div[1]/div/div[2]/div[2]/form/div[2]/div/div[2]/input'.</msg>
<arg>xpath=//*[@id="app"]/div[1]/div/div[1]/div/div[2]/div[2]/form/div[2]/div/div[2]/input</arg>
<arg>${password}</arg>
<doc>Types the given ``text`` into the text field identified by ``locator``.</doc>
<status status="PASS" start="2026-08-25T10:46:07.873224" elapsed="3.176242"/>
</kw>
<arg>${password}</arg>
<status status="PASS" start="2026-08-25T10:46:05.856357" elapsed="5.193397"/>
</kw>
<kw name="Click Login Button" owner="LoginKeywords">
<kw name="Wait Until Element Is Visible" owner="SeleniumLibrary">
<arg>xpath=//*[@id="app"]/div[1]/div/div[1]/div/div[2]/div[2]/form/div[3]/button</arg>
<doc>Waits until the element ``locator`` is visible.</doc>
<status status="PASS" start="2026-08-25T10:46:11.050833" elapsed="2.049482"/>
</kw>
<kw name="Click Button" owner="SeleniumLibrary">
<msg time="2026-08-25T10:46:13.101892" level="INFO">Clicking button 'xpath=//*[@id="app"]/div[1]/div/div[1]/div/div[2]/div[2]/form/div[3]/button'.</msg>
<arg>xpath=//*[@id="app"]/div[1]/div/div[1]/div/div[2]/div[2]/form/div[3]/button</arg>
<doc>Clicks the button identified by ``locator``.</doc>
<status status="PASS" start="2026-08-25T10:46:13.101105" elapsed="5.225724"/>
</kw>
<status status="PASS" start="2026-08-25T10:46:11.050221" elapsed="7.277272"/>
</kw>
<arg>${VALID_USERNAME}</arg>
<arg>${INVALID_PASSWORD}</arg>
<status status="PASS" start="2026-08-25T10:46:00.762284" elapsed="17.565593"/>
</kw>
<kw name="Verify Invalid Credentials Message" owner="LoginKeywords">
<kw name="Wait Until Element Is Visible" owner="SeleniumLibrary">
<arg>xpath=//*[@id="app"]/div[1]/div/div[1]/div/div[2]/div[2]/div/div[1]/div[1]</arg>
<arg>${TIMEOUT}</arg>
<doc>Waits until the element ``locator`` is visible.</doc>
<status status="PASS" start="2026-08-25T10:46:18.331250" elapsed="3.371759"/>
</kw>
<status status="PASS" start="2026-08-25T10:46:18.329775" elapsed="3.373950"/>
</kw>
<kw name="Capture Screenshot on Failure" owner="CommonKeywords" type="TEARDOWN">
<kw name="Run Keyword If Test Failed" owner="BuiltIn">
<arg>Capture Page Screenshot</arg>
<doc>Runs the given keyword with the given arguments, if the test failed.</doc>
<status status="PASS" start="2026-08-25T10:46:21.707016" elapsed="0.001631"/>
</kw>
<status status="PASS" start="2026-08-25T10:46:21.705478" elapsed="0.003647"/>
</kw>
<doc>Verify login is rejected for an invalid password.</doc>
<tag>Negative</tag>
<tag>Regression</tag>
<status status="PASS" start="2026-08-25T10:45:59.250285" elapsed="22.459566"/>
</test>
<test id="s1-t4" name="TC_ORANGEHRM_004 - Login With Uppercase Password" line="50">
<kw name="Go To" owner="SeleniumLibrary" type="SETUP">
<msg time="2026-08-25T10:46:21.715682" level="INFO">Opening url 'https://opensource-demo.orangehrmlive.com/web/index.php/auth/login'</msg>
<arg>${URL}</arg>
<doc>Navigates the current browser window to the provided ``url``.</doc>
<status status="PASS" start="2026-08-25T10:46:21.715004" elapsed="1.524502"/>
</kw>
<kw name="Login With Credentials" owner="LoginKeywords">
<kw name="Enter Username" owner="LoginKeywords">
<kw name="Wait Until Element Is Visible" owner="SeleniumLibrary">
<arg>xpath=//*[@id="app"]/div[1]/div/div[1]/div/div[2]/div[2]/form/div[1]/div/div[2]/input</arg>
<doc>Waits until the element ``locator`` is visible.</doc>
<status status="PASS" start="2026-08-25T10:46:23.243893" elapsed="2.048702"/>
</kw>
<kw name="Input Text" owner="SeleniumLibrary">
<msg time="2026-08-25T10:46:25.294386" level="INFO">Typing text 'Admin' into text field 'xpath=//*[@id="app"]/div[1]/div/div[1]/div/div[2]/div[2]/form/div[1]/div/div[2]/input'.</msg>
<arg>xpath=//*[@id="app"]/div[1]/div/div[1]/div/div[2]/div[2]/form/div[1]/div/div[2]/input</arg>
<arg>${username}</arg>
<doc>Types the given ``text`` into the text field identified by ``locator``.</doc>
<status status="PASS" start="2026-08-25T10:46:25.293445" elapsed="3.148050"/>
</kw>
<arg>${username}</arg>
<status status="PASS" start="2026-08-25T10:46:23.242753" elapsed="5.199219"/>
</kw>
<kw name="Enter Password" owner="LoginKeywords">
<kw name="Wait Until Element Is Visible" owner="SeleniumLibrary">
<arg>xpath=//*[@id="app"]/div[1]/div/div[1]/div/div[2]/div[2]/form/div[2]/div/div[2]/input</arg>
<doc>Waits until the element ``locator`` is visible.</doc>
<status status="PASS" start="2026-08-25T10:46:28.443908" elapsed="2.053210"/>
</kw>
<kw name="Input Text" owner="SeleniumLibrary">
<msg time="2026-08-25T10:46:30.498803" level="INFO">Typing text 'ADMIN123' into text field 'xpath=//*[@id="app"]/div[1]/div/div[1]/div/div[2]/div[2]/form/div[2]/div/div[2]/input'.</msg>
<arg>xpath=//*[@id="app"]/div[1]/div/div[1]/div/div[2]/div[2]/form/div[2]/div/div[2]/input</arg>
<arg>${password}</arg>
<doc>Types the given ``text`` into the text field identified by ``locator``.</doc>
<status status="PASS" start="2026-08-25T10:46:30.497813" elapsed="3.192992"/>
</kw>
<arg>${password}</arg>
<status status="PASS" start="2026-08-25T10:46:28.442774" elapsed="5.248687"/>
</kw>
<kw name="Click Login Button" owner="LoginKeywords">
<kw name="Wait Until Element Is Visible" owner="SeleniumLibrary">
<arg>xpath=//*[@id="app"]/div[1]/div/div[1]/div/div[2]/div[2]/form/div[3]/button</arg>
<doc>Waits until the element ``locator`` is visible.</doc>
<status status="PASS" start="2026-08-25T10:46:33.693452" elapsed="2.033461"/>
</kw>
<kw name="Click Button" owner="SeleniumLibrary">
<msg time="2026-08-25T10:46:35.728377" level="INFO">Clicking button 'xpath=//*[@id="app"]/div[1]/div/div[1]/div/div[2]/div[2]/form/div[3]/button'.</msg>
<arg>xpath=//*[@id="app"]/div[1]/div/div[1]/div/div[2]/div[2]/form/div[3]/button</arg>
<doc>Clicks the button identified by ``locator``.</doc>
<status status="PASS" start="2026-08-25T10:46:35.727594" elapsed="5.183951"/>
</kw>
<status status="PASS" start="2026-08-25T10:46:33.692330" elapsed="7.219409"/>
</kw>
<arg>${VALID_USERNAME}</arg>
<arg>${UPPERCASE_PASSWORD}</arg>
<status status="PASS" start="2026-08-25T10:46:23.241070" elapsed="17.670778"/>
</kw>
<kw name="Verify Invalid Credentials Message" owner="LoginKeywords">
<kw name="Wait Until Element Is Visible" owner="SeleniumLibrary">
<arg>xpath=//*[@id="app"]/div[1]/div/div[1]/div/div[2]/div[2]/div/div[1]/div[1]</arg>
<arg>${TIMEOUT}</arg>
<doc>Waits until the element ``locator`` is visible.</doc>
<status status="PASS" start="2026-08-25T10:46:40.912932" elapsed="3.349570"/>
</kw>
<status status="PASS" start="2026-08-25T10:46:40.912452" elapsed="3.350453"/>
</kw>
<kw name="Capture Screenshot on Failure" owner="CommonKeywords" type="TEARDOWN">
<kw name="Run Keyword If Test Failed" owner="BuiltIn">
<arg>Capture Page Screenshot</arg>
<doc>Runs the given keyword with the given arguments, if the test failed.</doc>
<status status="PASS" start="2026-08-25T10:46:44.264880" elapsed="0.000713"/>
</kw>
<status status="PASS" start="2026-08-25T10:46:44.264115" elapsed="0.001752"/>
</kw>
<doc>Verify login fails when the valid password is entered in uppercase.</doc>
<tag>Boundary</tag>
<tag>Negative</tag>
<tag>Regression</tag>
<status status="PASS" start="2026-08-25T10:46:21.712055" elapsed="22.554205"/>
</test>
<test id="s1-t5" name="TC_ORANGEHRM_005 - Login Without Username And Password" line="60">
<kw name="Go To" owner="SeleniumLibrary" type="SETUP">
<msg time="2026-08-25T10:46:44.270603" level="INFO">Opening url 'https://opensource-demo.orangehrmlive.com/web/index.php/auth/login'</msg>
<arg>${URL}</arg>
<doc>Navigates the current browser window to the provided ``url``.</doc>
<status status="PASS" start="2026-08-25T10:46:44.269953" elapsed="1.464053"/>
</kw>
<kw name="Click Login Button" owner="LoginKeywords">
<kw name="Wait Until Element Is Visible" owner="SeleniumLibrary">
<arg>xpath=//*[@id="app"]/div[1]/div/div[1]/div/div[2]/div[2]/form/div[3]/button</arg>
<doc>Waits until the element ``locator`` is visible.</doc>
<status status="PASS" start="2026-08-25T10:46:45.736793" elapsed="2.047786"/>
</kw>
<kw name="Click Button" owner="SeleniumLibrary">
<msg time="2026-08-25T10:46:47.786086" level="INFO">Clicking button 'xpath=//*[@id="app"]/div[1]/div/div[1]/div/div[2]/div[2]/form/div[3]/button'.</msg>
<arg>xpath=//*[@id="app"]/div[1]/div/div[1]/div/div[2]/div[2]/form/div[3]/button</arg>
<doc>Clicks the button identified by ``locator``.</doc>
<status status="PASS" start="2026-08-25T10:46:47.785340" elapsed="5.169529"/>
</kw>
<status status="PASS" start="2026-08-25T10:46:45.735708" elapsed="7.219733"/>
</kw>
<kw name="Verify Username Required Message" owner="LoginKeywords">
<kw name="Wait Until Page Contains Element" owner="SeleniumLibrary">
<arg>xpath=//*[@id="app"]/div[1]/div/div[1]/div/div[2]/div[2]/form/div[1]/div/span</arg>
<arg>${TIMEOUT}</arg>
<doc>Waits until the element ``locator`` appears on the current page.</doc>
<status status="PASS" start="2026-08-25T10:46:52.958800" elapsed="1.026231"/>
</kw>
<status status="PASS" start="2026-08-25T10:46:52.957060" elapsed="1.028614"/>
</kw>
<kw name="Verify Password Required Message" owner="LoginKeywords">
<kw name="Wait Until Page Contains Element" owner="SeleniumLibrary">
<arg>xpath=//*[@id="app"]/div[1]/div/div[1]/div/div[2]/div[2]/form/div[2]/div/span</arg>
<arg>${TIMEOUT}</arg>
<doc>Waits until the element ``locator`` appears on the current page.</doc>
<status status="PASS" start="2026-08-25T10:46:53.988582" elapsed="1.031807"/>
</kw>
<status status="PASS" start="2026-08-25T10:46:53.987024" elapsed="1.033930"/>
</kw>
<kw name="Capture Screenshot on Failure" owner="CommonKeywords" type="TEARDOWN">
<kw name="Run Keyword If Test Failed" owner="BuiltIn">
<arg>Capture Page Screenshot</arg>
<doc>Runs the given keyword with the given arguments, if the test failed.</doc>
<status status="PASS" start="2026-08-25T10:46:55.023720" elapsed="0.001041"/>
</kw>
<status status="PASS" start="2026-08-25T10:46:55.022505" elapsed="0.002654"/>
</kw>
<doc>Verify required validation messages when both fields are empty.</doc>
<tag>Negative</tag>
<tag>Regression</tag>
<tag>Validation</tag>
<status status="PASS" start="2026-08-25T10:46:44.267861" elapsed="10.757991"/>
</test>
<test id="s1-t6" name="TC_ORANGEHRM_006 - Login With Password Only" line="69">
<kw name="Go To" owner="SeleniumLibrary" type="SETUP">
<msg time="2026-08-25T10:46:55.032513" level="INFO">Opening url 'https://opensource-demo.orangehrmlive.com/web/index.php/auth/login'</msg>
<arg>${URL}</arg>
<doc>Navigates the current browser window to the provided ``url``.</doc>
<status status="PASS" start="2026-08-25T10:46:55.031718" elapsed="1.509478"/>
</kw>
<kw name="Enter Password" owner="LoginKeywords">
<kw name="Wait Until Element Is Visible" owner="SeleniumLibrary">
<arg>xpath=//*[@id="app"]/div[1]/div/div[1]/div/div[2]/div[2]/form/div[2]/div/div[2]/input</arg>
<doc>Waits until the element ``locator`` is visible.</doc>
<status status="PASS" start="2026-08-25T10:46:56.544432" elapsed="2.053416"/>
</kw>
<kw name="Input Text" owner="SeleniumLibrary">
<msg time="2026-08-25T10:46:58.599476" level="INFO">Typing text 'admin123' into text field 'xpath=//*[@id="app"]/div[1]/div/div[1]/div/div[2]/div[2]/form/div[2]/div/div[2]/input'.</msg>
<arg>xpath=//*[@id="app"]/div[1]/div/div[1]/div/div[2]/div[2]/form/div[2]/div/div[2]/input</arg>
<arg>${password}</arg>
<doc>Types the given ``text`` into the text field identified by ``locator``.</doc>
<status status="PASS" start="2026-08-25T10:46:58.598510" elapsed="3.130364"/>
</kw>
<arg>${VALID_PASSWORD}</arg>
<status status="PASS" start="2026-08-25T10:46:56.542946" elapsed="5.186667"/>
</kw>
<kw name="Click Login Button" owner="LoginKeywords">
<kw name="Wait Until Element Is Visible" owner="SeleniumLibrary">
<arg>xpath=//*[@id="app"]/div[1]/div/div[1]/div/div[2]/div[2]/form/div[3]/button</arg>
<doc>Waits until the element ``locator`` is visible.</doc>
<status status="PASS" start="2026-08-25T10:47:01.732439" elapsed="2.051457"/>
</kw>
<kw name="Click Button" owner="SeleniumLibrary">
<msg time="2026-08-25T10:47:03.785291" level="INFO">Clicking button 'xpath=//*[@id="app"]/div[1]/div/div[1]/div/div[2]/div[2]/form/div[3]/button'.</msg>
<arg>xpath=//*[@id="app"]/div[1]/div/div[1]/div/div[2]/div[2]/form/div[3]/button</arg>
<doc>Clicks the button identified by ``locator``.</doc>
<status status="PASS" start="2026-08-25T10:47:03.784553" elapsed="5.130170"/>
</kw>
<status status="PASS" start="2026-08-25T10:47:01.731259" elapsed="7.183934"/>
</kw>
<kw name="Verify Username Required Message" owner="LoginKeywords">
<kw name="Wait Until Page Contains Element" owner="SeleniumLibrary">
<arg>xpath=//*[@id="app"]/div[1]/div/div[1]/div/div[2]/div[2]/form/div[1]/div/span</arg>
<arg>${TIMEOUT}</arg>
<doc>Waits until the element ``locator`` appears on the current page.</doc>
<status status="PASS" start="2026-08-25T10:47:08.917928" elapsed="1.025512"/>
</kw>
<status status="PASS" start="2026-08-25T10:47:08.916800" elapsed="1.027394"/>
</kw>
<kw name="Capture Screenshot on Failure" owner="CommonKeywords" type="TEARDOWN">
<kw name="Run Keyword If Test Failed" owner="BuiltIn">
<arg>Capture Page Screenshot</arg>
<doc>Runs the given keyword with the given arguments, if the test failed.</doc>
<status status="PASS" start="2026-08-25T10:47:09.947567" elapsed="0.001144"/>
</kw>
<status status="PASS" start="2026-08-25T10:47:09.946197" elapsed="0.002841"/>
</kw>
<doc>Verify username required validation when only password is entered.</doc>
<tag>Negative</tag>
<tag>Regression</tag>
<tag>Validation</tag>
<status status="PASS" start="2026-08-25T10:46:55.028889" elapsed="14.920887"/>
</test>
<test id="s1-t7" name="TC_ORANGEHRM_007 - Login With Username Only" line="80">
<kw name="Go To" owner="SeleniumLibrary" type="SETUP">
<msg time="2026-08-25T10:47:09.956072" level="INFO">Opening url 'https://opensource-demo.orangehrmlive.com/web/index.php/auth/login'</msg>
<arg>${URL}</arg>
<doc>Navigates the current browser window to the provided ``url``.</doc>
<status status="PASS" start="2026-08-25T10:47:09.955283" elapsed="1.535821"/>
</kw>
<kw name="Enter Username" owner="LoginKeywords">
<kw name="Wait Until Element Is Visible" owner="SeleniumLibrary">
<arg>xpath=//*[@id="app"]/div[1]/div/div[1]/div/div[2]/div[2]/form/div[1]/div/div[2]/input</arg>
<doc>Waits until the element ``locator`` is visible.</doc>
<status status="PASS" start="2026-08-25T10:47:11.494276" elapsed="2.037229"/>
</kw>
<kw name="Input Text" owner="SeleniumLibrary">
<msg time="2026-08-25T10:47:13.533077" level="INFO">Typing text 'Admin' into text field 'xpath=//*[@id="app"]/div[1]/div/div[1]/div/div[2]/div[2]/form/div[1]/div/div[2]/input'.</msg>
<arg>xpath=//*[@id="app"]/div[1]/div/div[1]/div/div[2]/div[2]/form/div[1]/div/div[2]/input</arg>
<arg>${username}</arg>
<doc>Types the given ``text`` into the text field identified by ``locator``.</doc>
<status status="PASS" start="2026-08-25T10:47:13.532118" elapsed="3.160123"/>
</kw>
<arg>${VALID_USERNAME}</arg>
<status status="PASS" start="2026-08-25T10:47:11.492740" elapsed="5.199914"/>
</kw>
<kw name="Click Login Button" owner="LoginKeywords">
<kw name="Wait Until Element Is Visible" owner="SeleniumLibrary">
<arg>xpath=//*[@id="app"]/div[1]/div/div[1]/div/div[2]/div[2]/form/div[3]/button</arg>
<doc>Waits until the element ``locator`` is visible.</doc>
<status status="PASS" start="2026-08-25T10:47:16.695078" elapsed="2.047953"/>
</kw>
<kw name="Click Button" owner="SeleniumLibrary">
<msg time="2026-08-25T10:47:18.744495" level="INFO">Clicking button 'xpath=//*[@id="app"]/div[1]/div/div[1]/div/div[2]/div[2]/form/div[3]/button'.</msg>
<arg>xpath=//*[@id="app"]/div[1]/div/div[1]/div/div[2]/div[2]/form/div[3]/button</arg>
<doc>Clicks the button identified by ``locator``.</doc>
<status status="PASS" start="2026-08-25T10:47:18.743726" elapsed="5.152312"/>
</kw>
<status status="PASS" start="2026-08-25T10:47:16.693967" elapsed="7.202413"/>
</kw>
<kw name="Verify Password Required Message" owner="LoginKeywords">
<kw name="Wait Until Page Contains Element" owner="SeleniumLibrary">
<arg>xpath=//*[@id="app"]/div[1]/div/div[1]/div/div[2]/div[2]/form/div[2]/div/span</arg>
<arg>${TIMEOUT}</arg>
<doc>Waits until the element ``locator`` appears on the current page.</doc>
<status status="PASS" start="2026-08-25T10:47:23.897985" elapsed="1.013335"/>
</kw>
<status status="PASS" start="2026-08-25T10:47:23.897233" elapsed="1.014509"/>
</kw>
<kw name="Capture Screenshot on Failure" owner="CommonKeywords" type="TEARDOWN">
<kw name="Run Keyword If Test Failed" owner="BuiltIn">
<arg>Capture Page Screenshot</arg>
<doc>Runs the given keyword with the given arguments, if the test failed.</doc>
<status status="PASS" start="2026-08-25T10:47:24.914879" elapsed="0.001578"/>
</kw>
<status status="PASS" start="2026-08-25T10:47:24.913254" elapsed="0.003695"/>
</kw>
<doc>Verify password required validation when only username is entered.</doc>
<tag>Negative</tag>
<tag>Regression</tag>
<tag>Validation</tag>
<status status="PASS" start="2026-08-25T10:47:09.952227" elapsed="14.965389"/>
</test>
<test id="s1-t8" name="TC_ORANGEHRM_008 - Login With SQL Injection Payload" line="91">
<kw name="Go To" owner="SeleniumLibrary" type="SETUP">
<msg time="2026-08-25T10:47:24.920883" level="INFO">Opening url 'https://opensource-demo.orangehrmlive.com/web/index.php/auth/login'</msg>
<arg>${URL}</arg>
<doc>Navigates the current browser window to the provided ``url``.</doc>
<status status="PASS" start="2026-08-25T10:47:24.920609" elapsed="1.454058"/>
</kw>
<kw name="Login With Credentials" owner="LoginKeywords">
<kw name="Enter Username" owner="LoginKeywords">
<kw name="Wait Until Element Is Visible" owner="SeleniumLibrary">
<arg>xpath=//*[@id="app"]/div[1]/div/div[1]/div/div[2]/div[2]/form/div[1]/div/div[2]/input</arg>
<doc>Waits until the element ``locator`` is visible.</doc>
<status status="PASS" start="2026-08-25T10:47:26.378775" elapsed="2.032946"/>
</kw>
<kw name="Input Text" owner="SeleniumLibrary">
<msg time="2026-08-25T10:47:28.413861" level="INFO">Typing text '' OR '1'='1' into text field 'xpath=//*[@id="app"]/div[1]/div/div[1]/div/div[2]/div[2]/form/div[1]/div/div[2]/input'.</msg>
<arg>xpath=//*[@id="app"]/div[1]/div/div[1]/div/div[2]/div[2]/form/div[1]/div/div[2]/input</arg>
<arg>${username}</arg>
<doc>Types the given ``text`` into the text field identified by ``locator``.</doc>
<status status="PASS" start="2026-08-25T10:47:28.412685" elapsed="3.176097"/>
</kw>
<arg>${username}</arg>
<status status="PASS" start="2026-08-25T10:47:26.377614" elapsed="5.211689"/>
</kw>
<kw name="Enter Password" owner="LoginKeywords">
<kw name="Wait Until Element Is Visible" owner="SeleniumLibrary">
<arg>xpath=//*[@id="app"]/div[1]/div/div[1]/div/div[2]/div[2]/form/div[2]/div/div[2]/input</arg>
<doc>Waits until the element ``locator`` is visible.</doc>
<status status="PASS" start="2026-08-25T10:47:31.591089" elapsed="2.043759"/>
</kw>
<kw name="Input Text" owner="SeleniumLibrary">
<msg time="2026-08-25T10:47:33.636861" level="INFO">Typing text '' OR '1'='1' into text field 'xpath=//*[@id="app"]/div[1]/div/div[1]/div/div[2]/div[2]/form/div[2]/div/div[2]/input'.</msg>
<arg>xpath=//*[@id="app"]/div[1]/div/div[1]/div/div[2]/div[2]/form/div[2]/div/div[2]/input</arg>
<arg>${password}</arg>
<doc>Types the given ``text`` into the text field identified by ``locator``.</doc>
<status status="PASS" start="2026-08-25T10:47:33.635775" elapsed="3.152889"/>
</kw>
<arg>${password}</arg>
<status status="PASS" start="2026-08-25T10:47:31.589965" elapsed="5.198909"/>
</kw>
<kw name="Click Login Button" owner="LoginKeywords">
<kw name="Wait Until Element Is Visible" owner="SeleniumLibrary">
<arg>xpath=//*[@id="app"]/div[1]/div/div[1]/div/div[2]/div[2]/form/div[3]/button</arg>
<doc>Waits until the element ``locator`` is visible.</doc>
<status status="PASS" start="2026-08-25T10:47:36.789650" elapsed="2.024484"/>
</kw>
<kw name="Click Button" owner="SeleniumLibrary">
<msg time="2026-08-25T10:47:38.815660" level="INFO">Clicking button 'xpath=//*[@id="app"]/div[1]/div/div[1]/div/div[2]/div[2]/form/div[3]/button'.</msg>
<arg>xpath=//*[@id="app"]/div[1]/div/div[1]/div/div[2]/div[2]/form/div[3]/button</arg>
<doc>Clicks the button identified by ``locator``.</doc>
<status status="PASS" start="2026-08-25T10:47:38.814860" elapsed="5.143955"/>
</kw>
<status status="PASS" start="2026-08-25T10:47:36.789205" elapsed="7.170205"/>
</kw>
<arg>${SQL_INJECTION}</arg>
<arg>${SQL_INJECTION}</arg>
<status status="PASS" start="2026-08-25T10:47:26.376104" elapsed="17.583661"/>
</kw>
<kw name="Verify Invalid Credentials Message" owner="LoginKeywords">
<kw name="Wait Until Element Is Visible" owner="SeleniumLibrary">
<arg>xpath=//*[@id="app"]/div[1]/div/div[1]/div/div[2]/div[2]/div/div[1]/div[1]</arg>
<arg>${TIMEOUT}</arg>
<doc>Waits until the element ``locator`` is visible.</doc>
<status status="PASS" start="2026-08-25T10:47:43.962220" elapsed="3.396374"/>
</kw>
<status status="PASS" start="2026-08-25T10:47:43.961177" elapsed="3.397902"/>
</kw>
<kw name="Capture Screenshot on Failure" owner="CommonKeywords" type="TEARDOWN">
<kw name="Run Keyword If Test Failed" owner="BuiltIn">
<arg>Capture Page Screenshot</arg>
<doc>Runs the given keyword with the given arguments, if the test failed.</doc>
<status status="PASS" start="2026-08-25T10:47:47.362423" elapsed="0.001857"/>
</kw>
<status status="PASS" start="2026-08-25T10:47:47.360752" elapsed="0.004022"/>
</kw>
<doc>Verify SQL injection payload does not bypass authentication.</doc>
<tag>Negative</tag>
<tag>Security</tag>
<tag>SQLInjection</tag>
<status status="PASS" start="2026-08-25T10:47:24.919606" elapsed="22.445914"/>
</test>
<test id="s1-t9" name="TC_ORANGEHRM_009 - Login With XSS Payload" line="101">
<kw name="Go To" owner="SeleniumLibrary" type="SETUP">
<msg time="2026-08-25T10:47:47.371713" level="INFO">Opening url 'https://opensource-demo.orangehrmlive.com/web/index.php/auth/login'</msg>
<arg>${URL}</arg>
<doc>Navigates the current browser window to the provided ``url``.</doc>
<status status="PASS" start="2026-08-25T10:47:47.370605" elapsed="1.492701"/>
</kw>
<kw name="Login With Credentials" owner="LoginKeywords">
<kw name="Enter Username" owner="LoginKeywords">
<kw name="Wait Until Element Is Visible" owner="SeleniumLibrary">
<arg>xpath=//*[@id="app"]/div[1]/div/div[1]/div/div[2]/div[2]/form/div[1]/div/div[2]/input</arg>
<doc>Waits until the element ``locator`` is visible.</doc>
<status status="PASS" start="2026-08-25T10:47:48.868477" elapsed="2.057671"/>
</kw>
<kw name="Input Text" owner="SeleniumLibrary">
<msg time="2026-08-25T10:47:50.927870" level="INFO">Typing text '&lt;script&gt;alert(Testing Purpose)&lt;/script&gt;' into text field 'xpath=//*[@id="app"]/div[1]/div/div[1]/div/div[2]/div[2]/form/div[1]/div/div[2]/input'.</msg>
<arg>xpath=//*[@id="app"]/div[1]/div/div[1]/div/div[2]/div[2]/form/div[1]/div/div[2]/input</arg>
<arg>${username}</arg>
<doc>Types the given ``text`` into the text field identified by ``locator``.</doc>
<status status="PASS" start="2026-08-25T10:47:50.926892" elapsed="3.183287"/>
</kw>
<arg>${username}</arg>
<status status="PASS" start="2026-08-25T10:47:48.866924" elapsed="5.243643"/>
</kw>
<kw name="Enter Password" owner="LoginKeywords">
<kw name="Wait Until Element Is Visible" owner="SeleniumLibrary">
<arg>xpath=//*[@id="app"]/div[1]/div/div[1]/div/div[2]/div[2]/form/div[2]/div/div[2]/input</arg>
<doc>Waits until the element ``locator`` is visible.</doc>
<status status="PASS" start="2026-08-25T10:47:54.112269" elapsed="2.035921"/>
</kw>
<kw name="Input Text" owner="SeleniumLibrary">
<msg time="2026-08-25T10:47:56.150133" level="INFO">Typing text '&lt;script&gt;alert(Testing Purpose)&lt;/script&gt;' into text field 'xpath=//*[@id="app"]/div[1]/div/div[1]/div/div[2]/div[2]/form/div[2]/div/div[2]/input'.</msg>
<arg>xpath=//*[@id="app"]/div[1]/div/div[1]/div/div[2]/div[2]/form/div[2]/div/div[2]/input</arg>
<arg>${password}</arg>
<doc>Types the given ``text`` into the text field identified by ``locator``.</doc>
<status status="PASS" start="2026-08-25T10:47:56.149196" elapsed="3.143975"/>
</kw>
<arg>${password}</arg>
<status status="PASS" start="2026-08-25T10:47:54.111154" elapsed="5.182654"/>
</kw>
<kw name="Click Login Button" owner="LoginKeywords">
<kw name="Wait Until Element Is Visible" owner="SeleniumLibrary">
<arg>xpath=//*[@id="app"]/div[1]/div/div[1]/div/div[2]/div[2]/form/div[3]/button</arg>
<doc>Waits until the element ``locator`` is visible.</doc>
<status status="PASS" start="2026-08-25T10:47:59.295511" elapsed="2.047846"/>
</kw>
<kw name="Click Button" owner="SeleniumLibrary">
<msg time="2026-08-25T10:48:01.344011" level="INFO">Clicking button 'xpath=//*[@id="app"]/div[1]/div/div[1]/div/div[2]/div[2]/form/div[3]/button'.</msg>
<arg>xpath=//*[@id="app"]/div[1]/div/div[1]/div/div[2]/div[2]/form/div[3]/button</arg>
<doc>Clicks the button identified by ``locator``.</doc>
<status status="PASS" start="2026-08-25T10:48:01.343673" elapsed="5.154936"/>
</kw>
<status status="PASS" start="2026-08-25T10:47:59.294550" elapsed="7.204692"/>
</kw>
<arg>${XSS_PAYLOAD}</arg>
<arg>${XSS_PAYLOAD}</arg>
<status status="PASS" start="2026-08-25T10:47:48.864946" elapsed="17.634591"/>
</kw>
<kw name="Verify Login Page Is Displayed" owner="LoginKeywords">
<kw name="Wait Until Element Is Visible" owner="SeleniumLibrary">
<arg>name=username</arg>
<arg>${TIMEOUT}</arg>
<doc>Waits until the element ``locator`` is visible.</doc>
<status status="PASS" start="2026-08-25T10:48:06.502264" elapsed="2.046363"/>
</kw>
<status status="PASS" start="2026-08-25T10:48:06.501025" elapsed="2.047955"/>
</kw>
<kw name="Capture Screenshot on Failure" owner="CommonKeywords" type="TEARDOWN">
<kw name="Run Keyword If Test Failed" owner="BuiltIn">
<arg>Capture Page Screenshot</arg>
<doc>Runs the given keyword with the given arguments, if the test failed.</doc>
<status status="PASS" start="2026-08-25T10:48:08.551355" elapsed="0.000975"/>
</kw>
<status status="PASS" start="2026-08-25T10:48:08.550230" elapsed="0.002478"/>
</kw>
<doc>Verify XSS payload does not bypass authentication or execute script.</doc>
<tag>Negative</tag>
<tag>Security</tag>
<tag>XSS</tag>
<status status="PASS" start="2026-08-25T10:47:47.367952" elapsed="21.185219"/>
</test>
<kw name="Close Application" owner="CommonKeywords" type="TEARDOWN">
<kw name="Sleep" owner="BuiltIn">
<msg time="2026-08-25T10:48:11.558792" level="INFO">Slept 3 seconds.</msg>
<arg>3s</arg>
<doc>Pauses the test executed for the given time.</doc>
<status status="PASS" start="2026-08-25T10:48:08.557356" elapsed="3.001564"/>
</kw>
<kw name="Close All Browsers" owner="SeleniumLibrary">
<doc>Closes all open browsers and resets the browser cache.</doc>
<status status="PASS" start="2026-08-25T10:48:11.559116" elapsed="3.161536"/>
</kw>
<status status="PASS" start="2026-08-25T10:48:08.556476" elapsed="6.164828"/>
</kw>
<status status="PASS" start="2026-08-25T10:44:56.845173" elapsed="197.876435"/>
</suite>
<statistics>
<total>
<stat pass="9" fail="0" skip="0">All Tests</stat>
</total>
<tag>
<stat pass="1" fail="0" skip="0">Boundary</stat>
<stat pass="8" fail="0" skip="0">Negative</stat>
<stat pass="1" fail="0" skip="0">Positive</stat>
<stat pass="7" fail="0" skip="0">Regression</stat>
<stat pass="2" fail="0" skip="0">Security</stat>
<stat pass="1" fail="0" skip="0">Smoke</stat>
<stat pass="1" fail="0" skip="0">SQLInjection</stat>
<stat pass="3" fail="0" skip="0">Validation</stat>
<stat pass="1" fail="0" skip="0">XSS</stat>
</tag>
<suite>
<stat name="LoginTests" id="s1" pass="9" fail="0" skip="0">LoginTests</stat>
</suite>
</statistics>
<errors>
</errors>
</robot>
